[INFO] Scanning for projects...
[INFO] 
[INFO] -----------------------< com.ayursutra:backend >------------------------
[INFO] Building AyurSutraBackend 0.0.1-SNAPSHOT
[INFO]   from pom.xml
[INFO] --------------------------------[ jar ]---------------------------------
[INFO] 
[INFO] >>> spring-boot:3.2.4:run (default-cli) > test-compile @ backend >>>
[INFO] 
[INFO] --- resources:3.3.1:resources (default-resources) @ backend ---
[INFO] Copying 1 resource from src\main\resources to target\classes
[INFO] Copying 0 resource from src\main\resources to target\classes
[INFO] 
[INFO] --- compiler:3.11.0:compile (default-compile) @ backend ---
[INFO] Nothing to compile - all classes are up to date
[INFO] 
[INFO] --- resources:3.3.1:testResources (default-testResources) @ backend ---
[INFO] skip non existing resourceDirectory C:\Users\hp\OneDrive - K.S.Rangasamy College of Technology\Documents\Delhi Hackothan\backend\src\test\resources
[INFO] 
[INFO] --- compiler:3.11.0:testCompile (default-testCompile) @ backend ---
[INFO] No sources to compile
[INFO] 
[INFO] <<< spring-boot:3.2.4:run (default-cli) < test-compile @ backend <<<
[INFO] 
[INFO] 
[INFO] --- spring-boot:3.2.4:run (default-cli) @ backend ---
[INFO] Attaching agents: []

  .   ____          _            __ _ _
 /\\ / ___'_ __ _ _(_)_ __  __ _ \ \ \ \
( ( )\___ | '_ | '_| | '_ \/ _` | \ \ \ \
 \\/  ___)| |_)| | | | | || (_| |  ) ) ) )
  '  |____| .__|_| |_|_| |_\__, | / / / /
 =========|_|==============|___/=/_/_/_/
 :: Spring Boot ::                (v3.2.4)

2026-03-14T15:20:50.239+05:30  INFO 20116 --- [AyurSutraBackend] [           main] com.ayursutra.AyurSutraApplication       : Starting AyurSutraApplication using Java 17.0.16 with PID 20116 (C:\Users\hp\OneDrive - K.S.Rangasamy College of Technology\Documents\Delhi Hackothan\backend\target\classes started by hp in C:\Users\hp\OneDrive - K.S.Rangasamy College of Technology\Documents\Delhi Hackothan\backend)
2026-03-14T15:20:50.248+05:30  INFO 20116 --- [AyurSutraBackend] [           main] com.ayursutra.AyurSutraApplication       : No active profile set, falling back to 1 default profile: "default"
2026-03-14T15:20:53.968+05:30  INFO 20116 --- [AyurSutraBackend] [           main] .s.d.r.c.RepositoryConfigurationDelegate : Bootstrapping Spring Data JPA repositories in DEFAULT mode.
2026-03-14T15:20:54.374+05:30  INFO 20116 --- [AyurSutraBackend] [           main] .s.d.r.c.RepositoryConfigurationDelegate : Finished Spring Data repository scanning in 367 ms. Found 5 JPA repository interfaces.
2026-03-14T15:20:57.428+05:30  INFO 20116 --- [AyurSutraBackend] [           main] o.s.b.w.embedded.tomcat.TomcatWebServer  : Tomcat initialized with port 8080 (http)
2026-03-14T15:20:57.487+05:30  INFO 20116 --- [AyurSutraBackend] [           main] o.apache.catalina.core.StandardService   : Starting service [Tomcat]
2026-03-14T15:20:57.488+05:30  INFO 20116 --- [AyurSutraBackend] [           main] o.apache.catalina.core.StandardEngine    : Starting Servlet engine: [Apache Tomcat/10.1.19]
2026-03-14T15:20:57.774+05:30  INFO 20116 --- [AyurSutraBackend] [           main] o.a.c.c.C.[Tomcat].[localhost].[/]       : Initializing Spring embedded WebApplicationContext
2026-03-14T15:20:57.779+05:30  INFO 20116 --- [AyurSutraBackend] [           main] w.s.c.ServletWebServerApplicationContext : Root WebApplicationContext: initialization completed in 7299 ms
2026-03-14T15:20:58.411+05:30  INFO 20116 --- [AyurSutraBackend] [           main] o.hibernate.jpa.internal.util.LogHelper  : HHH000204: Processing PersistenceUnitInfo [name: default]
2026-03-14T15:20:58.841+05:30  INFO 20116 --- [AyurSutraBackend] [           main] org.hibernate.Version                    : HHH000412: Hibernate ORM core version 6.4.4.Final
2026-03-14T15:20:59.044+05:30  INFO 20116 --- [AyurSutraBackend] [           main] o.h.c.internal.RegionFactoryInitiator    : HHH000026: Second-level cache disabled
2026-03-14T15:21:00.367+05:30  INFO 20116 --- [AyurSutraBackend] [           main] o.s.o.j.p.SpringPersistenceUnitInfo      : No LoadTimeWeaver setup: ignoring JPA class transformer
2026-03-14T15:21:00.537+05:30  INFO 20116 --- [AyurSutraBackend] [           main] com.zaxxer.hikari.HikariDataSource       : HikariPool-1 - Starting...
2026-03-14T15:21:01.553+05:30  INFO 20116 --- [AyurSutraBackend] [           main] com.zaxxer.hikari.pool.HikariPool        : HikariPool-1 - Added connection com.mysql.cj.jdbc.ConnectionImpl@25218a4d
2026-03-14T15:21:01.564+05:30  INFO 20116 --- [AyurSutraBackend] [           main] com.zaxxer.hikari.HikariDataSource       : HikariPool-1 - Start completed.
2026-03-14T15:21:01.873+05:30  WARN 20116 --- [AyurSutraBackend] [           main] org.hibernate.orm.deprecation            : HHH90000025: MySQLDialect does not need to be specified explicitly using 'hibernate.dialect' (remove the property setting and it will be selected by default)
2026-03-14T15:21:07.777+05:30  INFO 20116 --- [AyurSutraBackend] [           main] o.h.e.t.j.p.i.JtaPlatformInitiator       : HHH000489: No JTA platform available (set 'hibernate.transaction.jta.platform' to enable JTA platform integration)
2026-03-14T15:21:08.541+05:30  INFO 20116 --- [AyurSutraBackend] [           main] j.LocalContainerEntityManagerFactoryBean : Initialized JPA EntityManagerFactory for persistence unit 'default'
2026-03-14T15:21:11.048+05:30  INFO 20116 --- [AyurSutraBackend] [           main] o.s.d.j.r.query.QueryEnhancerFactory     : Hibernate is in classpath; If applicable, HQL parser will be used.
[AIVoiceService] Twilio initialised successfully.
2026-03-14T15:21:14.954+05:30  WARN 20116 --- [AyurSutraBackend] [           main] JpaBaseConfiguration$JpaWebConfiguration : spring.jpa.open-in-view is enabled by default. Therefore, database queries may be performed during view rendering. Explicitly configure spring.jpa.open-in-view to disable this warning
2026-03-14T15:21:17.173+05:30  INFO 20116 --- [AyurSutraBackend] [           main] o.s.s.web.DefaultSecurityFilterChain     : Will secure any request with [org.springframework.security.web.session.DisableEncodeUrlFilter@616b2b2, org.springframework.security.web.context.request.async.WebAsyncManagerIntegrationFilter@65402e26, org.springframework.security.web.context.SecurityContextHolderFilter@4f1a4d61, org.springframework.security.web.header.HeaderWriterFilter@1c8e4810, org.springframework.web.filter.CorsFilter@51cf17e8, org.springframework.security.web.authentication.logout.LogoutFilter@4d45b457, com.ayursutra.security.JwtAuthFilter@7f839ec5, org.springframework.security.web.savedrequest.RequestCacheAwareFilter@7f1581bb, org.springframework.security.web.servletapi.SecurityContextHolderAwareRequestFilter@30407f28, org.springframework.security.web.authentication.AnonymousAuthenticationFilter@7abeaed0, org.springframework.security.web.session.SessionManagementFilter@6980e66a, org.springframework.security.web.access.ExceptionTranslationFilter@465eb466, org.springframework.security.web.access.intercept.AuthorizationFilter@353ac1ef]
2026-03-14T15:21:18.689+05:30  WARN 20116 --- [AyurSutraBackend] [           main] ConfigServletWebServerApplicationContext : Exception encountered during context initialization - cancelling refresh attempt: org.springframework.context.ApplicationContextException: Failed to start bean 'webServerStartStop'
2026-03-14T15:21:18.707+05:30  INFO 20116 --- [AyurSutraBackend] [           main] j.LocalContainerEntityManagerFactoryBean : Closing JPA EntityManagerFactory for persistence unit 'default'
2026-03-14T15:21:18.717+05:30  INFO 20116 --- [AyurSutraBackend] [           main] com.zaxxer.hikari.HikariDataSource       : HikariPool-1 - Shutdown initiated...
2026-03-14T15:21:18.767+05:30  INFO 20116 --- [AyurSutraBackend] [           main] com.zaxxer.hikari.HikariDataSource       : HikariPool-1 - Shutdown completed.
2026-03-14T15:21:18.873+05:30  INFO 20116 --- [AyurSutraBackend] [           main] .s.b.a.l.ConditionEvaluationReportLogger : 

Error starting ApplicationContext. To display the condition evaluation report re-run your application with 'debug' enabled.
2026-03-14T15:21:18.987+05:30 ERROR 20116 --- [AyurSutraBackend] [           main] o.s.b.d.LoggingFailureAnalysisReporter   : 

***************************
APPLICATION FAILED TO START
***************************

Description:

Web server failed to start. Port 8080 was already in use.

Action:

Identify and stop the process that's listening on port 8080 or configure this application to listen on another port.

[INFO] ------------------------------------------------------------------------
[INFO] BUILD FAILURE
[INFO] ------------------------------------------------------------------------
[INFO] Total time:  43.710 s
[INFO] Finished at: 2026-03-14T15:21:19+05:30
[INFO] ------------------------------------------------------------------------
[ERROR] Failed to execute goal org.springframework.boot:spring-boot-maven-plugin:3.2.4:run (default-cli) on project backend: Process terminated with exit code: 1 -> [Help 1]
[ERROR] 
[ERROR] To see the full stack trace of the errors, re-run Maven with the -e switch.
[ERROR] Re-run Maven using the -X switch to enable full debug logging.
[ERROR] 
[ERROR] For more information about the errors and possible solutions, please read the following articles:
[ERROR] [Help 1] http://cwiki.apache.org/confluence/display/MAVEN/MojoExecutionException
