[INFO] Scanning for projects...
[INFO] 
[INFO] -----------------------< com.ayursutra:backend >------------------------
[INFO] Building AyurSutraBackend 0.0.1-SNAPSHOT
[INFO]   from pom.xml
[INFO] --------------------------------[ jar ]---------------------------------
[INFO] 
[INFO] --- resources:3.3.1:resources (default-resources) @ backend ---
[INFO] Copying 1 resource from src\main\resources to target\classes
[INFO] Copying 0 resource from src\main\resources to target\classes
[INFO] 
[INFO] --- compiler:3.11.0:compile (default-compile) @ backend ---
[INFO] Changes detected - recompiling the module! :source
[INFO] Compiling 41 source files with javac [debug release 17] to target\classes
[INFO] -------------------------------------------------------------
[ERROR] COMPILATION ERROR : 
[INFO] -------------------------------------------------------------
[ERROR] /C:/Users/hp/OneDrive - K.S.Rangasamy College of Technology/Documents/Delhi Hackothan/backend/src/main/java/com/ayursutra/controller/DoctorController.java:[60,32] cannot find symbol
  symbol:   method getPhone()
  location: variable patient of type com.ayursutra.model.Patient
[ERROR] /C:/Users/hp/OneDrive - K.S.Rangasamy College of Technology/Documents/Delhi Hackothan/backend/src/main/java/com/ayursutra/controller/DoctorController.java:[70,131] cannot find symbol
  symbol:   method getName()
  location: variable patient of type com.ayursutra.model.Patient
[INFO] 2 errors 
[INFO] -------------------------------------------------------------
[INFO] ------------------------------------------------------------------------
[INFO] BUILD FAILURE
[INFO] ------------------------------------------------------------------------
[INFO] Total time:  8.369 s
[INFO] Finished at: 2026-03-13T10:36:19+05:30
[INFO] ------------------------------------------------------------------------
[ERROR] Failed to execute goal org.apache.maven.plugins:maven-compiler-plugin:3.11.0:compile (default-compile) on project backend: Compilation failure: Compilation failure: 
[ERROR] /C:/Users/hp/OneDrive - K.S.Rangasamy College of Technology/Documents/Delhi Hackothan/backend/src/main/java/com/ayursutra/controller/DoctorController.java:[60,32] cannot find symbol
[ERROR]   symbol:   method getPhone()
[ERROR]   location: variable patient of type com.ayursutra.model.Patient
[ERROR] /C:/Users/hp/OneDrive - K.S.Rangasamy College of Technology/Documents/Delhi Hackothan/backend/src/main/java/com/ayursutra/controller/DoctorController.java:[70,131] cannot find symbol
[ERROR]   symbol:   method getName()
[ERROR]   location: variable patient of type com.ayursutra.model.Patient
[ERROR] -> [Help 1]
[ERROR] 
[ERROR] To see the full stack trace of the errors, re-run Maven with the -e switch.
[ERROR] Re-run Maven using the -X switch to enable full debug logging.
[ERROR] 
[ERROR] For more information about the errors and possible solutions, please read the following articles:
[ERROR] [Help 1] http://cwiki.apache.org/confluence/display/MAVEN/MojoFailureException
